
*** Running vivado
    with args -log bullsCows_top.vdi -applog -m64 -product Vivado -messageDb vivado.pb -mode batch -source bullsCows_top.tcl -notrace


****** Vivado v2024.2 (64-bit)
  **** SW Build 5239630 on Fri Nov 08 22:34:34 MST 2024
  **** IP Build 5239520 on Sun Nov 10 16:12:51 MST 2024
  **** SharedData Build 5239561 on Fri Nov 08 14:39:27 MST 2024
  **** Start of session at: Wed May 21 22:17:07 2025
    ** Copyright 1986-2022 Xilinx, Inc. All Rights Reserved.
    ** Copyright 2022-2024 Advanced Micro Devices, Inc. All Rights Reserved.

source bullsCows_top.tcl -notrace
Command: link_design -top bullsCows_top -part xc7a100tcsg324-1
Design is defaulting to srcset: sources_1
Design is defaulting to constrset: constrs_1
INFO: [Device 21-403] Loading part xc7a100tcsg324-1
Netlist sorting complete. Time (s): cpu = 00:00:00 ; elapsed = 00:00:00 . Memory (MB): peak = 1487.641 ; gain = 0.000 ; free physical = 4166 ; free virtual = 13127
INFO: [Netlist 29-17] Analyzing 8 Unisim elements for replacement
INFO: [Netlist 29-28] Unisim Transformation completed in 0 CPU seconds
INFO: [Project 1-479] Netlist was created with Vivado 2024.2
INFO: [Project 1-570] Preparing netlist for logic optimization
Parsing XDC File [/home/lucas/Desktop/facul/a2025_1/SD_sistemas-digitais/cows/Nexys-A7-100T-TP2.xdc]
WARNING: [Vivado 12-507] No nets matched 'ssl_IBUF'. [/home/lucas/Desktop/facul/a2025_1/SD_sistemas-digitais/cows/Nexys-A7-100T-TP2.xdc:7]
CRITICAL WARNING: [Common 17-55] 'set_property' expects at least one object. [/home/lucas/Desktop/facul/a2025_1/SD_sistemas-digitais/cows/Nexys-A7-100T-TP2.xdc:7]
Resolution: If [get_<value>] was used to populate the object, check to make sure this command returns at least one valid object.
WARNING: [Vivado 12-507] No nets matched 'ssr_IBUF'. [/home/lucas/Desktop/facul/a2025_1/SD_sistemas-digitais/cows/Nexys-A7-100T-TP2.xdc:8]
CRITICAL WARNING: [Common 17-55] 'set_property' expects at least one object. [/home/lucas/Desktop/facul/a2025_1/SD_sistemas-digitais/cows/Nexys-A7-100T-TP2.xdc:8]
Resolution: If [get_<value>] was used to populate the object, check to make sure this command returns at least one valid object.
WARNING: [Vivado 12-584] No ports matched 'LED[0]'. [/home/lucas/Desktop/facul/a2025_1/SD_sistemas-digitais/cows/Nexys-A7-100T-TP2.xdc:33]
CRITICAL WARNING: [Common 17-55] 'set_property' expects at least one object. [/home/lucas/Desktop/facul/a2025_1/SD_sistemas-digitais/cows/Nexys-A7-100T-TP2.xdc:33]
Resolution: If [get_<value>] was used to populate the object, check to make sure this command returns at least one valid object.
WARNING: [Vivado 12-584] No ports matched 'LED[1]'. [/home/lucas/Desktop/facul/a2025_1/SD_sistemas-digitais/cows/Nexys-A7-100T-TP2.xdc:34]
CRITICAL WARNING: [Common 17-55] 'set_property' expects at least one object. [/home/lucas/Desktop/facul/a2025_1/SD_sistemas-digitais/cows/Nexys-A7-100T-TP2.xdc:34]
Resolution: If [get_<value>] was used to populate the object, check to make sure this command returns at least one valid object.
WARNING: [Vivado 12-584] No ports matched 'LED[2]'. [/home/lucas/Desktop/facul/a2025_1/SD_sistemas-digitais/cows/Nexys-A7-100T-TP2.xdc:35]
CRITICAL WARNING: [Common 17-55] 'set_property' expects at least one object. [/home/lucas/Desktop/facul/a2025_1/SD_sistemas-digitais/cows/Nexys-A7-100T-TP2.xdc:35]
Resolution: If [get_<value>] was used to populate the object, check to make sure this command returns at least one valid object.
WARNING: [Vivado 12-584] No ports matched 'LED[3]'. [/home/lucas/Desktop/facul/a2025_1/SD_sistemas-digitais/cows/Nexys-A7-100T-TP2.xdc:36]
CRITICAL WARNING: [Common 17-55] 'set_property' expects at least one object. [/home/lucas/Desktop/facul/a2025_1/SD_sistemas-digitais/cows/Nexys-A7-100T-TP2.xdc:36]
Resolution: If [get_<value>] was used to populate the object, check to make sure this command returns at least one valid object.
WARNING: [Vivado 12-584] No ports matched 'LED[4]'. [/home/lucas/Desktop/facul/a2025_1/SD_sistemas-digitais/cows/Nexys-A7-100T-TP2.xdc:37]
CRITICAL WARNING: [Common 17-55] 'set_property' expects at least one object. [/home/lucas/Desktop/facul/a2025_1/SD_sistemas-digitais/cows/Nexys-A7-100T-TP2.xdc:37]
Resolution: If [get_<value>] was used to populate the object, check to make sure this command returns at least one valid object.
WARNING: [Vivado 12-584] No ports matched 'LED[5]'. [/home/lucas/Desktop/facul/a2025_1/SD_sistemas-digitais/cows/Nexys-A7-100T-TP2.xdc:38]
CRITICAL WARNING: [Common 17-55] 'set_property' expects at least one object. [/home/lucas/Desktop/facul/a2025_1/SD_sistemas-digitais/cows/Nexys-A7-100T-TP2.xdc:38]
Resolution: If [get_<value>] was used to populate the object, check to make sure this command returns at least one valid object.
WARNING: [Vivado 12-584] No ports matched 'LED[6]'. [/home/lucas/Desktop/facul/a2025_1/SD_sistemas-digitais/cows/Nexys-A7-100T-TP2.xdc:39]
CRITICAL WARNING: [Common 17-55] 'set_property' expects at least one object. [/home/lucas/Desktop/facul/a2025_1/SD_sistemas-digitais/cows/Nexys-A7-100T-TP2.xdc:39]
Resolution: If [get_<value>] was used to populate the object, check to make sure this command returns at least one valid object.
WARNING: [Vivado 12-584] No ports matched 'LED[7]'. [/home/lucas/Desktop/facul/a2025_1/SD_sistemas-digitais/cows/Nexys-A7-100T-TP2.xdc:40]
CRITICAL WARNING: [Common 17-55] 'set_property' expects at least one object. [/home/lucas/Desktop/facul/a2025_1/SD_sistemas-digitais/cows/Nexys-A7-100T-TP2.xdc:40]
Resolution: If [get_<value>] was used to populate the object, check to make sure this command returns at least one valid object.
WARNING: [Vivado 12-584] No ports matched 'LED[8]'. [/home/lucas/Desktop/facul/a2025_1/SD_sistemas-digitais/cows/Nexys-A7-100T-TP2.xdc:41]
CRITICAL WARNING: [Common 17-55] 'set_property' expects at least one object. [/home/lucas/Desktop/facul/a2025_1/SD_sistemas-digitais/cows/Nexys-A7-100T-TP2.xdc:41]
Resolution: If [get_<value>] was used to populate the object, check to make sure this command returns at least one valid object.
WARNING: [Vivado 12-584] No ports matched 'LED[9]'. [/home/lucas/Desktop/facul/a2025_1/SD_sistemas-digitais/cows/Nexys-A7-100T-TP2.xdc:42]
CRITICAL WARNING: [Common 17-55] 'set_property' expects at least one object. [/home/lucas/Desktop/facul/a2025_1/SD_sistemas-digitais/cows/Nexys-A7-100T-TP2.xdc:42]
Resolution: If [get_<value>] was used to populate the object, check to make sure this command returns at least one valid object.
WARNING: [Vivado 12-584] No ports matched 'LED[10]'. [/home/lucas/Desktop/facul/a2025_1/SD_sistemas-digitais/cows/Nexys-A7-100T-TP2.xdc:43]
CRITICAL WARNING: [Common 17-55] 'set_property' expects at least one object. [/home/lucas/Desktop/facul/a2025_1/SD_sistemas-digitais/cows/Nexys-A7-100T-TP2.xdc:43]
Resolution: If [get_<value>] was used to populate the object, check to make sure this command returns at least one valid object.
WARNING: [Vivado 12-584] No ports matched 'LED[11]'. [/home/lucas/Desktop/facul/a2025_1/SD_sistemas-digitais/cows/Nexys-A7-100T-TP2.xdc:44]
CRITICAL WARNING: [Common 17-55] 'set_property' expects at least one object. [/home/lucas/Desktop/facul/a2025_1/SD_sistemas-digitais/cows/Nexys-A7-100T-TP2.xdc:44]
Resolution: If [get_<value>] was used to populate the object, check to make sure this command returns at least one valid object.
WARNING: [Vivado 12-584] No ports matched 'LED[12]'. [/home/lucas/Desktop/facul/a2025_1/SD_sistemas-digitais/cows/Nexys-A7-100T-TP2.xdc:45]
CRITICAL WARNING: [Common 17-55] 'set_property' expects at least one object. [/home/lucas/Desktop/facul/a2025_1/SD_sistemas-digitais/cows/Nexys-A7-100T-TP2.xdc:45]
Resolution: If [get_<value>] was used to populate the object, check to make sure this command returns at least one valid object.
WARNING: [Vivado 12-584] No ports matched 'LED[13]'. [/home/lucas/Desktop/facul/a2025_1/SD_sistemas-digitais/cows/Nexys-A7-100T-TP2.xdc:46]
CRITICAL WARNING: [Common 17-55] 'set_property' expects at least one object. [/home/lucas/Desktop/facul/a2025_1/SD_sistemas-digitais/cows/Nexys-A7-100T-TP2.xdc:46]
Resolution: If [get_<value>] was used to populate the object, check to make sure this command returns at least one valid object.
WARNING: [Vivado 12-584] No ports matched 'LED[14]'. [/home/lucas/Desktop/facul/a2025_1/SD_sistemas-digitais/cows/Nexys-A7-100T-TP2.xdc:47]
CRITICAL WARNING: [Common 17-55] 'set_property' expects at least one object. [/home/lucas/Desktop/facul/a2025_1/SD_sistemas-digitais/cows/Nexys-A7-100T-TP2.xdc:47]
Resolution: If [get_<value>] was used to populate the object, check to make sure this command returns at least one valid object.
WARNING: [Vivado 12-584] No ports matched 'LED[15]'. [/home/lucas/Desktop/facul/a2025_1/SD_sistemas-digitais/cows/Nexys-A7-100T-TP2.xdc:48]
CRITICAL WARNING: [Common 17-55] 'set_property' expects at least one object. [/home/lucas/Desktop/facul/a2025_1/SD_sistemas-digitais/cows/Nexys-A7-100T-TP2.xdc:48]
Resolution: If [get_<value>] was used to populate the object, check to make sure this command returns at least one valid object.
WARNING: [Vivado 12-584] No ports matched 'ssl'. [/home/lucas/Desktop/facul/a2025_1/SD_sistemas-digitais/cows/Nexys-A7-100T-TP2.xdc:79]
CRITICAL WARNING: [Common 17-55] 'set_property' expects at least one object. [/home/lucas/Desktop/facul/a2025_1/SD_sistemas-digitais/cows/Nexys-A7-100T-TP2.xdc:79]
Resolution: If [get_<value>] was used to populate the object, check to make sure this command returns at least one valid object.
WARNING: [Vivado 12-584] No ports matched 'ssr'. [/home/lucas/Desktop/facul/a2025_1/SD_sistemas-digitais/cows/Nexys-A7-100T-TP2.xdc:82]
CRITICAL WARNING: [Common 17-55] 'set_property' expects at least one object. [/home/lucas/Desktop/facul/a2025_1/SD_sistemas-digitais/cows/Nexys-A7-100T-TP2.xdc:82]
Resolution: If [get_<value>] was used to populate the object, check to make sure this command returns at least one valid object.
Finished Parsing XDC File [/home/lucas/Desktop/facul/a2025_1/SD_sistemas-digitais/cows/Nexys-A7-100T-TP2.xdc]
INFO: [Opt 31-138] Pushed 0 inverter(s) to 0 load pin(s).
Netlist sorting complete. Time (s): cpu = 00:00:00 ; elapsed = 00:00:00 . Memory (MB): peak = 1707.199 ; gain = 0.000 ; free physical = 4057 ; free virtual = 13018
INFO: [Project 1-111] Unisim Transformation Summary:
No Unisim elements were transformed.

7 Infos, 20 Warnings, 20 Critical Warnings and 0 Errors encountered.
link_design completed successfully
Command: opt_design
Attempting to get a license for feature 'Implementation' and/or device 'xc7a100t'
INFO: [Common 17-349] Got license for feature 'Implementation' and/or device 'xc7a100t'
Running DRC as a precondition to command opt_design

Starting DRC Task
INFO: [DRC 23-27] Running DRC with 8 threads
ERROR: [DRC MDRV-1] Multiple Driver Nets: Net bullsCows/confirmed has multiple drivers: bullsCows/confirmed_reg__0/Q, and bullsCows/confirmed_reg/Q.
INFO: [Project 1-461] DRC finished with 1 Errors
INFO: [Project 1-462] Please refer to the DRC report (report_drc) for more information.
ERROR: [Vivado_Tcl 4-78] Error(s) found during DRC. Opt_design not run.

Time (s): cpu = 00:00:04 ; elapsed = 00:00:00.96 . Memory (MB): peak = 1813.738 ; gain = 102.570 ; free physical = 3984 ; free virtual = 12945
INFO: [Common 17-83] Releasing license: Implementation
12 Infos, 20 Warnings, 20 Critical Warnings and 2 Errors encountered.
opt_design failed
ERROR: [Common 17-39] 'opt_design' failed due to earlier errors.

INFO: [Common 17-206] Exiting Vivado at Wed May 21 22:17:18 2025...
